Build started 11/22/2013 8:58:05 AM.
     1>Project "C:\Users\crupib\Documents\Visual Studio 2012\Projects\opencv_image\lips\lips\lips.vcxproj" on node 2 (Build target(s)).
     1>InitializeBuildStatus:
         Creating "Release\lips.unsuccessfulbuild" because "AlwaysCreate" was specified.
       ClCompile:
         All outputs are up-to-date.
         C:\Program Files (x86)\Microsoft Visual Studio 11.0\VC\bin\CL.exe /c /Ic:\opencv\build\include /Zi /nologo /W3 /WX- /O2 /Oi /Oy- /GL /D WIN32 /D NDEBUG /D _CONSOLE /D _UNICODE /D UNICODE /Gm- /EHsc /MD /GS /Gy /fp:precise /Zc:wchar_t /Zc:forScope /Yu"stdafx.h" /Fp"Release\lips.pch" /Fo"Release\\" /Fd"Release\vc110.pdb" /Gd /TP /analyze- /errorReport:prompt LipFeatureDetect.cpp
         LipFeatureDetect.cpp
       Link:
         C:\Program Files (x86)\Microsoft Visual Studio 11.0\VC\bin\link.exe /ERRORREPORT:PROMPT /OUT:"C:\Users\crupib\Documents\Visual Studio 2012\Projects\opencv_image\lips\Release\lips.exe" /INCREMENTAL:NO /NOLOGO /LIBPATH:c:\opencv\build\x86\vc11\lib opencv_core246.lib opencv_imgproc246.lib opencv_highgui246.lib opencv_ml246.lib opencv_video246.lib opencv_features2d246d.lib opencv_calib3d246.lib opencv_objdetect246.lib opencv_contrib246.lib opencv_legacy246.lib opencv_flann246.lib kernel32.lib user32.lib gdi32.lib winspool.lib comdlg32.lib advapi32.lib shell32.lib ole32.lib oleaut32.lib uuid.lib odbc32.lib odbccp32.lib /MANIFEST /MANIFESTUAC:"level='asInvoker' uiAccess='false'" /manifest:embed /DEBUG /PDB:"C:\Users\crupib\Documents\Visual Studio 2012\Projects\opencv_image\lips\Release\lips.pdb" /SUBSYSTEM:CONSOLE /OPT:REF /OPT:ICF /LTCG /TLBID:1 /DYNAMICBASE /NXCOMPAT /IMPLIB:"C:\Users\crupib\Documents\Visual Studio 2012\Projects\opencv_image\lips\Release\lips.lib" /MACHINE:X86 /SAFESEH Release\HaarCascadeObjectDetector.obj
         Release\LipFeatureDetect.obj
         Release\stdafx.obj
         Generating code
         Finished generating code
         lips.vcxproj -> C:\Users\crupib\Documents\Visual Studio 2012\Projects\opencv_image\lips\Release\lips.exe
       FinalizeBuildStatus:
         Deleting file "Release\lips.unsuccessfulbuild".
         Touching "Release\lips.lastbuildstate".
     1>Done Building Project "C:\Users\crupib\Documents\Visual Studio 2012\Projects\opencv_image\lips\lips\lips.vcxproj" (Build target(s)).

Build succeeded.

Time Elapsed 00:00:03.97
