C:\USERS\CRUPIB\DOCUMENTS\VISUAL STUDIO 2012\PROJECTS\OPENCV_IMAGE\BORDERS\BORDERS\DEBUG\BORDERS.PCH
C:\USERS\CRUPIB\DOCUMENTS\VISUAL STUDIO 2012\PROJECTS\OPENCV_IMAGE\BORDERS\BORDERS\DEBUG\STDAFX.OBJ
C:\USERS\CRUPIB\DOCUMENTS\VISUAL STUDIO 2012\PROJECTS\OPENCV_IMAGE\BORDERS\BORDERS\DEBUG\VC110.PDB
C:\USERS\CRUPIB\DOCUMENTS\VISUAL STUDIO 2012\PROJECTS\OPENCV_IMAGE\BORDERS\BORDERS\DEBUG\BORDERS.OBJ
C:\USERS\CRUPIB\DOCUMENTS\VISUAL STUDIO 2012\PROJECTS\OPENCV_IMAGE\BORDERS\DEBUG\BORDERS.ILK
C:\USERS\CRUPIB\DOCUMENTS\VISUAL STUDIO 2012\PROJECTS\OPENCV_IMAGE\BORDERS\DEBUG\BORDERS.EXE
C:\USERS\CRUPIB\DOCUMENTS\VISUAL STUDIO 2012\PROJECTS\OPENCV_IMAGE\BORDERS\DEBUG\BORDERS.PDB
C:\Users\crupib\Documents\Visual Studio 2012\Projects\opencv_image\borders\borders\Debug\borders.obj
C:\Users\crupib\Documents\Visual Studio 2012\Projects\opencv_image\borders\borders\Debug\stdafx.obj
C:\Users\crupib\Documents\Visual Studio 2012\Projects\opencv_image\borders\borders\Debug\cl.command.1.tlog
C:\Users\crupib\Documents\Visual Studio 2012\Projects\opencv_image\borders\borders\Debug\CL.read.1.tlog
C:\Users\crupib\Documents\Visual Studio 2012\Projects\opencv_image\borders\borders\Debug\CL.write.1.tlog
C:\Users\crupib\Documents\Visual Studio 2012\Projects\opencv_image\borders\borders\Debug\link-cvtres.read.1.tlog
C:\Users\crupib\Documents\Visual Studio 2012\Projects\opencv_image\borders\borders\Debug\link-cvtres.write.1.tlog
C:\Users\crupib\Documents\Visual Studio 2012\Projects\opencv_image\borders\borders\Debug\link-rc.read.1.tlog
C:\Users\crupib\Documents\Visual Studio 2012\Projects\opencv_image\borders\borders\Debug\link-rc.write.1.tlog
C:\Users\crupib\Documents\Visual Studio 2012\Projects\opencv_image\borders\borders\Debug\link.command.1.tlog
C:\Users\crupib\Documents\Visual Studio 2012\Projects\opencv_image\borders\borders\Debug\link.read.1.tlog
C:\Users\crupib\Documents\Visual Studio 2012\Projects\opencv_image\borders\borders\Debug\link.write.1.tlog
C:\Users\crupib\Documents\Visual Studio 2012\Projects\opencv_image\borders\borders\Debug\borders.pch
C:\Users\crupib\Documents\Visual Studio 2012\Projects\opencv_image\borders\borders\Debug\vc110.idb
C:\Users\crupib\Documents\Visual Studio 2012\Projects\opencv_image\borders\borders\Debug\vc110.pdb
C:\Users\crupib\Documents\Visual Studio 2012\Projects\opencv_image\borders\Debug\borders.pdb
C:\Users\crupib\Documents\Visual Studio 2012\Projects\opencv_image\borders\Debug\borders.exe
C:\Users\crupib\Documents\Visual Studio 2012\Projects\opencv_image\borders\Debug\borders.ilk
