C:\USERS\CRUPIB\DOCUMENTS\VISUAL STUDIO 2012\PROJECTS\OPENCV_IMAGE\FFT\FFT\DEBUG\FFT.PCH
C:\USERS\CRUPIB\DOCUMENTS\VISUAL STUDIO 2012\PROJECTS\OPENCV_IMAGE\FFT\FFT\DEBUG\STDAFX.OBJ
C:\USERS\CRUPIB\DOCUMENTS\VISUAL STUDIO 2012\PROJECTS\OPENCV_IMAGE\FFT\FFT\DEBUG\VC110.PDB
C:\USERS\CRUPIB\DOCUMENTS\VISUAL STUDIO 2012\PROJECTS\OPENCV_IMAGE\FFT\FFT\DEBUG\FFT.OBJ
C:\USERS\CRUPIB\DOCUMENTS\VISUAL STUDIO 2012\PROJECTS\OPENCV_IMAGE\FFT\DEBUG\FFT.ILK
C:\USERS\CRUPIB\DOCUMENTS\VISUAL STUDIO 2012\PROJECTS\OPENCV_IMAGE\FFT\DEBUG\FFT.EXE
C:\USERS\CRUPIB\DOCUMENTS\VISUAL STUDIO 2012\PROJECTS\OPENCV_IMAGE\FFT\DEBUG\FFT.PDB
C:\Users\crupib\Documents\Visual Studio 2012\Projects\opencv_image\fft\fft\Debug\fft.obj
C:\Users\crupib\Documents\Visual Studio 2012\Projects\opencv_image\fft\fft\Debug\stdafx.obj
C:\Users\crupib\Documents\Visual Studio 2012\Projects\opencv_image\fft\fft\Debug\cl.command.1.tlog
C:\Users\crupib\Documents\Visual Studio 2012\Projects\opencv_image\fft\fft\Debug\CL.read.1.tlog
C:\Users\crupib\Documents\Visual Studio 2012\Projects\opencv_image\fft\fft\Debug\CL.write.1.tlog
C:\Users\crupib\Documents\Visual Studio 2012\Projects\opencv_image\fft\fft\Debug\link-cvtres.read.1.tlog
C:\Users\crupib\Documents\Visual Studio 2012\Projects\opencv_image\fft\fft\Debug\link-cvtres.write.1.tlog
C:\Users\crupib\Documents\Visual Studio 2012\Projects\opencv_image\fft\fft\Debug\link-rc.read.1.tlog
C:\Users\crupib\Documents\Visual Studio 2012\Projects\opencv_image\fft\fft\Debug\link-rc.write.1.tlog
C:\Users\crupib\Documents\Visual Studio 2012\Projects\opencv_image\fft\fft\Debug\link.command.1.tlog
C:\Users\crupib\Documents\Visual Studio 2012\Projects\opencv_image\fft\fft\Debug\link.read.1.tlog
C:\Users\crupib\Documents\Visual Studio 2012\Projects\opencv_image\fft\fft\Debug\link.write.1.tlog
C:\Users\crupib\Documents\Visual Studio 2012\Projects\opencv_image\fft\fft\Debug\fft.pch
C:\Users\crupib\Documents\Visual Studio 2012\Projects\opencv_image\fft\fft\Debug\vc110.idb
C:\Users\crupib\Documents\Visual Studio 2012\Projects\opencv_image\fft\fft\Debug\vc110.pdb
C:\Users\crupib\Documents\Visual Studio 2012\Projects\opencv_image\fft\Debug\fft.pdb
C:\Users\crupib\Documents\Visual Studio 2012\Projects\opencv_image\fft\Debug\fft.exe
C:\Users\crupib\Documents\Visual Studio 2012\Projects\opencv_image\fft\Debug\fft.ilk
