C:\USERS\CRUPIB\DOCUMENTS\VISUAL STUDIO 2012\PROJECTS\LINKLIST\LINKLIST\DEBUG\LINKLIST.PCH
C:\USERS\CRUPIB\DOCUMENTS\VISUAL STUDIO 2012\PROJECTS\LINKLIST\LINKLIST\DEBUG\STDAFX.OBJ
C:\USERS\CRUPIB\DOCUMENTS\VISUAL STUDIO 2012\PROJECTS\LINKLIST\LINKLIST\DEBUG\VC110.PDB
C:\USERS\CRUPIB\DOCUMENTS\VISUAL STUDIO 2012\PROJECTS\LINKLIST\LINKLIST\DEBUG\.NETFRAMEWORK,VERSION=V4.0.ASSEMBLYATTRIBUTES.OBJ
C:\USERS\CRUPIB\DOCUMENTS\VISUAL STUDIO 2012\PROJECTS\LINKLIST\LINKLIST\DEBUG\LINKLIST.OBJ
C:\USERS\CRUPIB\DOCUMENTS\VISUAL STUDIO 2012\PROJECTS\LINKLIST\DEBUG\LINKLIST.ILK
C:\USERS\CRUPIB\DOCUMENTS\VISUAL STUDIO 2012\PROJECTS\LINKLIST\DEBUG\LINKLIST.EXE
C:\USERS\CRUPIB\DOCUMENTS\VISUAL STUDIO 2012\PROJECTS\LINKLIST\DEBUG\LINKLIST.PDB
C:\Users\crupib\documents\visual studio 2012\Projects\LinkList\LinkList\Debug\LinkList.vcxprojResolveAssemblyReference.cache
C:\Users\crupib\documents\visual studio 2012\Projects\LinkList\LinkList\Debug\.NETFramework,Version=v4.0.AssemblyAttributes.obj
C:\Users\crupib\documents\visual studio 2012\Projects\LinkList\LinkList\Debug\LinkList.obj
C:\Users\crupib\documents\visual studio 2012\Projects\LinkList\LinkList\Debug\stdafx.obj
C:\Users\crupib\documents\visual studio 2012\Projects\LinkList\LinkList\Debug\cl.command.1.tlog
C:\Users\crupib\documents\visual studio 2012\Projects\LinkList\LinkList\Debug\CL.read.1.tlog
C:\Users\crupib\documents\visual studio 2012\Projects\LinkList\LinkList\Debug\CL.write.1.tlog
C:\Users\crupib\documents\visual studio 2012\Projects\LinkList\LinkList\Debug\link.2736-cvtres.read.1.tlog
C:\Users\crupib\documents\visual studio 2012\Projects\LinkList\LinkList\Debug\link.2736-cvtres.write.1.tlog
C:\Users\crupib\documents\visual studio 2012\Projects\LinkList\LinkList\Debug\link.2736-rc.read.1.tlog
C:\Users\crupib\documents\visual studio 2012\Projects\LinkList\LinkList\Debug\link.2736-rc.write.1.tlog
C:\Users\crupib\documents\visual studio 2012\Projects\LinkList\LinkList\Debug\link.2736.read.1.tlog
C:\Users\crupib\documents\visual studio 2012\Projects\LinkList\LinkList\Debug\link.2736.write.1.tlog
C:\Users\crupib\documents\visual studio 2012\Projects\LinkList\LinkList\Debug\link.6072-cvtres.read.1.tlog
C:\Users\crupib\documents\visual studio 2012\Projects\LinkList\LinkList\Debug\link.6072-cvtres.write.1.tlog
C:\Users\crupib\documents\visual studio 2012\Projects\LinkList\LinkList\Debug\link.6072-rc.read.1.tlog
C:\Users\crupib\documents\visual studio 2012\Projects\LinkList\LinkList\Debug\link.6072-rc.write.1.tlog
C:\Users\crupib\documents\visual studio 2012\Projects\LinkList\LinkList\Debug\link.6072.read.1.tlog
C:\Users\crupib\documents\visual studio 2012\Projects\LinkList\LinkList\Debug\link.6072.write.1.tlog
C:\Users\crupib\documents\visual studio 2012\Projects\LinkList\LinkList\Debug\link.6224-cvtres.read.1.tlog
C:\Users\crupib\documents\visual studio 2012\Projects\LinkList\LinkList\Debug\link.6224-cvtres.write.1.tlog
C:\Users\crupib\documents\visual studio 2012\Projects\LinkList\LinkList\Debug\link.6224-rc.read.1.tlog
C:\Users\crupib\documents\visual studio 2012\Projects\LinkList\LinkList\Debug\link.6224-rc.write.1.tlog
C:\Users\crupib\documents\visual studio 2012\Projects\LinkList\LinkList\Debug\link.6224.read.1.tlog
C:\Users\crupib\documents\visual studio 2012\Projects\LinkList\LinkList\Debug\link.6224.write.1.tlog
C:\Users\crupib\documents\visual studio 2012\Projects\LinkList\LinkList\Debug\link.6272-cvtres.read.1.tlog
C:\Users\crupib\documents\visual studio 2012\Projects\LinkList\LinkList\Debug\link.6272-cvtres.write.1.tlog
C:\Users\crupib\documents\visual studio 2012\Projects\LinkList\LinkList\Debug\link.6272-rc.read.1.tlog
C:\Users\crupib\documents\visual studio 2012\Projects\LinkList\LinkList\Debug\link.6272-rc.write.1.tlog
C:\Users\crupib\documents\visual studio 2012\Projects\LinkList\LinkList\Debug\link.6272.read.1.tlog
C:\Users\crupib\documents\visual studio 2012\Projects\LinkList\LinkList\Debug\link.6272.write.1.tlog
C:\Users\crupib\documents\visual studio 2012\Projects\LinkList\LinkList\Debug\link.6492-cvtres.read.1.tlog
C:\Users\crupib\documents\visual studio 2012\Projects\LinkList\LinkList\Debug\link.6492-cvtres.write.1.tlog
C:\Users\crupib\documents\visual studio 2012\Projects\LinkList\LinkList\Debug\link.6492-rc.read.1.tlog
C:\Users\crupib\documents\visual studio 2012\Projects\LinkList\LinkList\Debug\link.6492-rc.write.1.tlog
C:\Users\crupib\documents\visual studio 2012\Projects\LinkList\LinkList\Debug\link.6492.read.1.tlog
C:\Users\crupib\documents\visual studio 2012\Projects\LinkList\LinkList\Debug\link.6492.write.1.tlog
C:\Users\crupib\documents\visual studio 2012\Projects\LinkList\LinkList\Debug\link.7080-cvtres.read.1.tlog
C:\Users\crupib\documents\visual studio 2012\Projects\LinkList\LinkList\Debug\link.7080-cvtres.write.1.tlog
C:\Users\crupib\documents\visual studio 2012\Projects\LinkList\LinkList\Debug\link.7080-rc.read.1.tlog
C:\Users\crupib\documents\visual studio 2012\Projects\LinkList\LinkList\Debug\link.7080-rc.write.1.tlog
C:\Users\crupib\documents\visual studio 2012\Projects\LinkList\LinkList\Debug\link.7080.read.1.tlog
C:\Users\crupib\documents\visual studio 2012\Projects\LinkList\LinkList\Debug\link.7080.write.1.tlog
C:\Users\crupib\documents\visual studio 2012\Projects\LinkList\LinkList\Debug\link.command.1.tlog
C:\Users\crupib\documents\visual studio 2012\Projects\LinkList\LinkList\Debug\link.read.1.tlog
C:\Users\crupib\documents\visual studio 2012\Projects\LinkList\LinkList\Debug\link.write.1.tlog
C:\Users\crupib\documents\visual studio 2012\Projects\LinkList\LinkList\Debug\metagen.read.1.tlog
C:\Users\crupib\documents\visual studio 2012\Projects\LinkList\LinkList\Debug\metagen.write.1.tlog
C:\Users\crupib\documents\visual studio 2012\Projects\LinkList\LinkList\Debug\LinkList.pch
C:\Users\crupib\documents\visual studio 2012\Projects\LinkList\LinkList\Debug\vc110.pdb
C:\Users\crupib\documents\visual studio 2012\Projects\LinkList\LinkList\Debug\RSAENH.DLL.bi
C:\Users\crupib\documents\visual studio 2012\Projects\LinkList\LinkList\Debug\TZRES.DLL.bi
C:\Users\crupib\documents\visual studio 2012\Projects\LinkList\Debug\LinkList.pdb
C:\Users\crupib\documents\visual studio 2012\Projects\LinkList\Debug\LinkList.exe
C:\Users\crupib\documents\visual studio 2012\Projects\LinkList\Debug\LinkList.ilk
