C:\USERS\CRUPIB\DOCUMENTS\VISUAL STUDIO 2010\PROJECTS\MYWINFORM\MYWINFORM\RELEASE\.NETFRAMEWORK,VERSION=V4.0.ASSEMBLYATTRIBUTES.OBJ
C:\USERS\CRUPIB\DOCUMENTS\VISUAL STUDIO 2010\PROJECTS\MYWINFORM\MYWINFORM\RELEASE\APP.RES
C:\USERS\CRUPIB\DOCUMENTS\VISUAL STUDIO 2010\PROJECTS\MYWINFORM\MYWINFORM\RELEASE\ASSEMBLYINFO.OBJ
C:\Users\crupib\documents\visual studio 2010\Projects\myWinForm\myWinForm\Release\cl.command.1.tlog
C:\Users\crupib\documents\visual studio 2010\Projects\myWinForm\myWinForm\Release\CL.read.1.tlog
C:\Users\crupib\documents\visual studio 2010\Projects\myWinForm\myWinForm\Release\CL.write.1.tlog
C:\USERS\CRUPIB\DOCUMENTS\VISUAL STUDIO 2010\PROJECTS\MYWINFORM\MYWINFORM\RELEASE\FINAL_FACE.OBJ
C:\Users\crupib\documents\visual studio 2010\Projects\myWinForm\myWinForm\Release\GenerateResource.read.1.tlog
C:\Users\crupib\documents\visual studio 2010\Projects\myWinForm\myWinForm\Release\GenerateResource.write.1.tlog
C:\Users\crupib\documents\visual studio 2010\Projects\myWinForm\myWinForm\Release\link.command.1.tlog
C:\Users\crupib\documents\visual studio 2010\Projects\myWinForm\myWinForm\Release\link.read.1.tlog
C:\Users\crupib\documents\visual studio 2010\Projects\myWinForm\myWinForm\Release\link.write.1.tlog
C:\Users\crupib\documents\visual studio 2010\Projects\myWinForm\myWinForm\Release\link-cvtres.read.1.tlog
C:\Users\crupib\documents\visual studio 2010\Projects\myWinForm\myWinForm\Release\link-cvtres.write.1.tlog
C:\Users\crupib\documents\visual studio 2010\Projects\myWinForm\myWinForm\Release\metagen.read.1.tlog
C:\Users\crupib\documents\visual studio 2010\Projects\myWinForm\myWinForm\Release\metagen.write.1.tlog
C:\Users\crupib\documents\visual studio 2010\Projects\myWinForm\myWinForm\Release\myWinForm.exe.intermediate.manifest
C:\USERS\CRUPIB\DOCUMENTS\VISUAL STUDIO 2010\PROJECTS\MYWINFORM\MYWINFORM\RELEASE\MYWINFORM.FORM1.RESOURCES
C:\USERS\CRUPIB\DOCUMENTS\VISUAL STUDIO 2010\PROJECTS\MYWINFORM\MYWINFORM\RELEASE\MYWINFORM.OBJ
C:\USERS\CRUPIB\DOCUMENTS\VISUAL STUDIO 2010\PROJECTS\MYWINFORM\MYWINFORM\RELEASE\MYWINFORM.PCH
C:\Users\crupib\documents\visual studio 2010\Projects\myWinForm\myWinForm\Release\myWinForm.write.1.tlog
C:\Users\crupib\documents\visual studio 2010\Projects\myWinForm\myWinForm\Release\rc.command.1.tlog
C:\Users\crupib\documents\visual studio 2010\Projects\myWinForm\myWinForm\Release\rc.read.1.tlog
C:\Users\crupib\documents\visual studio 2010\Projects\myWinForm\myWinForm\Release\rc.write.1.tlog
C:\Users\crupib\documents\visual studio 2010\Projects\myWinForm\myWinForm\Release\RSAENH.DLL.bi
C:\USERS\CRUPIB\DOCUMENTS\VISUAL STUDIO 2010\PROJECTS\MYWINFORM\MYWINFORM\RELEASE\STDAFX.OBJ
C:\Users\crupib\documents\visual studio 2010\Projects\myWinForm\myWinForm\Release\TZRES.DLL.bi
C:\USERS\CRUPIB\DOCUMENTS\VISUAL STUDIO 2010\PROJECTS\MYWINFORM\MYWINFORM\RELEASE\VC100.PDB
C:\Users\crupib\documents\visual studio 2010\Projects\myWinForm\Release\myWinForm.pdb
