C:\Users\crupib\documents\visual studio 2010\Projects\myWinForm\Debug\myWinForm.ilk
C:\Users\crupib\documents\visual studio 2010\Projects\myWinForm\Debug\myWinForm.pdb
C:\USERS\CRUPIB\DOCUMENTS\VISUAL STUDIO 2010\PROJECTS\MYWINFORM\MYWINFORM\DEBUG\.NETFRAMEWORK,VERSION=V4.0.ASSEMBLYATTRIBUTES.OBJ
C:\USERS\CRUPIB\DOCUMENTS\VISUAL STUDIO 2010\PROJECTS\MYWINFORM\MYWINFORM\DEBUG\APP.RES
C:\USERS\CRUPIB\DOCUMENTS\VISUAL STUDIO 2010\PROJECTS\MYWINFORM\MYWINFORM\DEBUG\ASSEMBLYINFO.OBJ
C:\Users\crupib\documents\visual studio 2010\Projects\myWinForm\myWinForm\Debug\cl.command.1.tlog
C:\Users\crupib\documents\visual studio 2010\Projects\myWinForm\myWinForm\Debug\CL.read.1.tlog
C:\Users\crupib\documents\visual studio 2010\Projects\myWinForm\myWinForm\Debug\CL.write.1.tlog
C:\USERS\CRUPIB\DOCUMENTS\VISUAL STUDIO 2010\PROJECTS\MYWINFORM\MYWINFORM\DEBUG\FINAL_FACE.OBJ
C:\Users\crupib\documents\visual studio 2010\Projects\myWinForm\myWinForm\Debug\GenerateResource.read.208.tlog
C:\Users\crupib\documents\visual studio 2010\Projects\myWinForm\myWinForm\Debug\GenerateResource.write.208.tlog
C:\Users\crupib\documents\visual studio 2010\Projects\myWinForm\myWinForm\Debug\link.10868.read.1.tlog
C:\Users\crupib\documents\visual studio 2010\Projects\myWinForm\myWinForm\Debug\link.10868.write.1.tlog
C:\Users\crupib\documents\visual studio 2010\Projects\myWinForm\myWinForm\Debug\link.10868-cvtres.read.1.tlog
C:\Users\crupib\documents\visual studio 2010\Projects\myWinForm\myWinForm\Debug\link.10868-cvtres.write.1.tlog
C:\Users\crupib\documents\visual studio 2010\Projects\myWinForm\myWinForm\Debug\link.command.1.tlog
C:\Users\crupib\documents\visual studio 2010\Projects\myWinForm\myWinForm\Debug\link.read.1.tlog
C:\Users\crupib\documents\visual studio 2010\Projects\myWinForm\myWinForm\Debug\link.write.1.tlog
C:\Users\crupib\documents\visual studio 2010\Projects\myWinForm\myWinForm\Debug\metagen.read.1.tlog
C:\Users\crupib\documents\visual studio 2010\Projects\myWinForm\myWinForm\Debug\metagen.write.1.tlog
C:\Users\crupib\documents\visual studio 2010\Projects\myWinForm\myWinForm\Debug\myWinForm.exe.intermediate.manifest
C:\USERS\CRUPIB\DOCUMENTS\VISUAL STUDIO 2010\PROJECTS\MYWINFORM\MYWINFORM\DEBUG\MYWINFORM.FORM1.RESOURCES
C:\USERS\CRUPIB\DOCUMENTS\VISUAL STUDIO 2010\PROJECTS\MYWINFORM\MYWINFORM\DEBUG\MYWINFORM.OBJ
C:\USERS\CRUPIB\DOCUMENTS\VISUAL STUDIO 2010\PROJECTS\MYWINFORM\MYWINFORM\DEBUG\MYWINFORM.PCH
C:\Users\crupib\documents\visual studio 2010\Projects\myWinForm\myWinForm\Debug\myWinForm.write.1.tlog
C:\Users\crupib\documents\visual studio 2010\Projects\myWinForm\myWinForm\Debug\rc.command.1.tlog
C:\Users\crupib\documents\visual studio 2010\Projects\myWinForm\myWinForm\Debug\rc.read.1.tlog
C:\Users\crupib\documents\visual studio 2010\Projects\myWinForm\myWinForm\Debug\rc.write.1.tlog
C:\Users\crupib\documents\visual studio 2010\Projects\myWinForm\myWinForm\Debug\RSAENH.DLL.bi
C:\USERS\CRUPIB\DOCUMENTS\VISUAL STUDIO 2010\PROJECTS\MYWINFORM\MYWINFORM\DEBUG\STDAFX.OBJ
C:\Users\crupib\documents\visual studio 2010\Projects\myWinForm\myWinForm\Debug\TZRES.DLL.bi
C:\USERS\CRUPIB\DOCUMENTS\VISUAL STUDIO 2010\PROJECTS\MYWINFORM\MYWINFORM\DEBUG\VC100.PDB
