Build started 10/9/2012 4:08:17 PM.
     1>Project "c:\Users\crupib\documents\visual studio 2012\Projects\STL_Vector\STL_Vector\STL_Vector.vcxproj" on node 2 (Build target(s)).
     1>InitializeBuildStatus:
         Creating "Debug\STL_Vector.unsuccessfulbuild" because "AlwaysCreate" was specified.
       ClCompile:
         C:\Program Files (x86)\Microsoft Visual Studio 11.0\VC\bin\CL.exe /c /ZI /nologo /W3 /WX- /Od /Oy- /D WIN32 /D _DEBUG /D _CONSOLE /D _UNICODE /D UNICODE /Gm /EHsc /RTC1 /MDd /GS /fp:precise /Zc:wchar_t /Zc:forScope /Fo"Debug\\" /Fd"Debug\vc110.pdb" /Gd /TP /analyze- /errorReport:prompt STL_Vector.cpp
         STL_Vector.cpp
     1>c:\users\crupib\documents\visual studio 2012\projects\stl_vector\stl_vector\stl_vector.cpp(13): warning C4018: '<' : signed/unsigned mismatch
     1>c:\users\crupib\documents\visual studio 2012\projects\stl_vector\stl_vector\stl_vector.cpp(21): warning C4018: '<' : signed/unsigned mismatch
     1>c:\users\crupib\documents\visual studio 2012\projects\stl_vector\stl_vector\stl_vector.cpp(23): warning C4018: '<' : signed/unsigned mismatch
     1>c:\users\crupib\documents\visual studio 2012\projects\stl_vector\stl_vector\stl_vector.cpp(25): warning C4018: '<' : signed/unsigned mismatch
       Link:
         C:\Program Files (x86)\Microsoft Visual Studio 11.0\VC\bin\link.exe /ERRORREPORT:PROMPT /OUT:"c:\users\crupib\documents\visual studio 2012\Projects\STL_Vector\Debug\STL_Vector.exe" /INCREMENTAL /NOLOGO kernel32.lib user32.lib gdi32.lib winspool.lib comdlg32.lib advapi32.lib shell32.lib ole32.lib oleaut32.lib uuid.lib odbc32.lib odbccp32.lib /MANIFEST /MANIFESTUAC:"level='asInvoker' uiAccess='false'" /manifest:embed /DEBUG /PDB:"c:\users\crupib\documents\visual studio 2012\Projects\STL_Vector\Debug\STL_Vector.pdb" /SUBSYSTEM:CONSOLE /TLBID:1 /DYNAMICBASE /NXCOMPAT /IMPLIB:"c:\users\crupib\documents\visual studio 2012\Projects\STL_Vector\Debug\STL_Vector.lib" /MACHINE:X86 Debug\STL_Vector.obj
         STL_Vector.vcxproj -> c:\users\crupib\documents\visual studio 2012\Projects\STL_Vector\Debug\STL_Vector.exe
       FinalizeBuildStatus:
         Deleting file "Debug\STL_Vector.unsuccessfulbuild".
         Touching "Debug\STL_Vector.lastbuildstate".
     1>Done Building Project "c:\Users\crupib\documents\visual studio 2012\Projects\STL_Vector\STL_Vector\STL_Vector.vcxproj" (Build target(s)).

Build succeeded.

Time Elapsed 00:00:02.01
