Build started 7/23/2014 1:58:58 PM.
     1>Project "c:\Users\crupib\documents\visual studio 2013\Projects\lines\lines\lines.vcxproj" on node 2 (Rebuild target(s)).
     1>_PrepareForClean:
         Deleting file "Debug\lines.tlog\lines.lastbuildstate".
       InitializeBuildStatus:
         Touching "Debug\lines.tlog\unsuccessfulbuild".
       ClCompile:
         C:\Program Files (x86)\Microsoft Visual Studio 12.0\VC\bin\CL.exe /c /IC:\GLFiles\include\GL /ZI /nologo /W3 /WX- /Od /Oy- /D WIN32 /D _DEBUG /D _CONSOLE /D _LIB /D _UNICODE /D UNICODE /Gm /EHsc /RTC1 /MDd /GS /fp:precise /Zc:wchar_t /Zc:forScope /Fo"Debug\\" /Fd"Debug\vc120.pdb" /Gd /TP /analyze- /errorReport:prompt lines.cpp stdafx.cpp
         stdafx.cpp
         lines.cpp
         Generating Code...
       Link:
         C:\Program Files (x86)\Microsoft Visual Studio 12.0\VC\bin\link.exe /ERRORREPORT:PROMPT /OUT:"c:\Users\crupib\documents\visual studio 2013\Projects\lines\Debug\lines.exe" /INCREMENTAL /NOLOGO /LIBPATH:C:\GLFiles\lib glaux.lib opengl32.lib glu32.lib kernel32.lib user32.lib gdi32.lib winspool.lib comdlg32.lib advapi32.lib shell32.lib ole32.lib oleaut32.lib uuid.lib odbc32.lib odbccp32.lib /MANIFEST /MANIFESTUAC:"level='asInvoker' uiAccess='false'" /manifest:embed /DEBUG /PDB:"c:\Users\crupib\documents\visual studio 2013\Projects\lines\Debug\lines.pdb" /SUBSYSTEM:CONSOLE /TLBID:1 /DYNAMICBASE /NXCOMPAT /IMPLIB:"c:\Users\crupib\documents\visual studio 2013\Projects\lines\Debug\lines.lib" /MACHINE:X86 Debug\lines.obj
         Debug\stdafx.obj
         lines.vcxproj -> c:\Users\crupib\documents\visual studio 2013\Projects\lines\Debug\lines.exe
       FinalizeBuildStatus:
         Deleting file "Debug\lines.tlog\unsuccessfulbuild".
         Touching "Debug\lines.tlog\lines.lastbuildstate".
     1>Done Building Project "c:\Users\crupib\documents\visual studio 2013\Projects\lines\lines\lines.vcxproj" (Rebuild target(s)).

Build succeeded.

Time Elapsed 00:00:05.62
