C:\USERS\CRUPIB\DOCUMENTS\VISUAL STUDIO 2012\PROJECTS\OPENCV_IMAGE\XML\XML\X64\DEBUG\XML.PCH
C:\USERS\CRUPIB\DOCUMENTS\VISUAL STUDIO 2012\PROJECTS\OPENCV_IMAGE\XML\XML\X64\DEBUG\STDAFX.OBJ
C:\USERS\CRUPIB\DOCUMENTS\VISUAL STUDIO 2012\PROJECTS\OPENCV_IMAGE\XML\XML\X64\DEBUG\VC110.PDB
C:\USERS\CRUPIB\DOCUMENTS\VISUAL STUDIO 2012\PROJECTS\OPENCV_IMAGE\XML\XML\X64\DEBUG\XML.OBJ
C:\USERS\CRUPIB\DOCUMENTS\VISUAL STUDIO 2012\PROJECTS\OPENCV_IMAGE\XML\X64\DEBUG\XML.ILK
C:\USERS\CRUPIB\DOCUMENTS\VISUAL STUDIO 2012\PROJECTS\OPENCV_IMAGE\XML\X64\DEBUG\XML.EXE
C:\USERS\CRUPIB\DOCUMENTS\VISUAL STUDIO 2012\PROJECTS\OPENCV_IMAGE\XML\X64\DEBUG\XML.PDB
C:\Users\crupib\Documents\Visual Studio 2012\Projects\opencv_image\xml\xml\x64\Debug\stdafx.obj
C:\Users\crupib\Documents\Visual Studio 2012\Projects\opencv_image\xml\xml\x64\Debug\xml.obj
C:\Users\crupib\Documents\Visual Studio 2012\Projects\opencv_image\xml\xml\x64\Debug\cl.command.1.tlog
C:\Users\crupib\Documents\Visual Studio 2012\Projects\opencv_image\xml\xml\x64\Debug\CL.read.1.tlog
C:\Users\crupib\Documents\Visual Studio 2012\Projects\opencv_image\xml\xml\x64\Debug\CL.write.1.tlog
C:\Users\crupib\Documents\Visual Studio 2012\Projects\opencv_image\xml\xml\x64\Debug\link-cvtres.read.1.tlog
C:\Users\crupib\Documents\Visual Studio 2012\Projects\opencv_image\xml\xml\x64\Debug\link-cvtres.write.1.tlog
C:\Users\crupib\Documents\Visual Studio 2012\Projects\opencv_image\xml\xml\x64\Debug\link-rc.read.1.tlog
C:\Users\crupib\Documents\Visual Studio 2012\Projects\opencv_image\xml\xml\x64\Debug\link-rc.write.1.tlog
C:\Users\crupib\Documents\Visual Studio 2012\Projects\opencv_image\xml\xml\x64\Debug\link.command.1.tlog
C:\Users\crupib\Documents\Visual Studio 2012\Projects\opencv_image\xml\xml\x64\Debug\link.read.1.tlog
C:\Users\crupib\Documents\Visual Studio 2012\Projects\opencv_image\xml\xml\x64\Debug\link.write.1.tlog
C:\Users\crupib\Documents\Visual Studio 2012\Projects\opencv_image\xml\xml\x64\Debug\xml.pch
C:\Users\crupib\Documents\Visual Studio 2012\Projects\opencv_image\xml\xml\x64\Debug\vc110.idb
C:\Users\crupib\Documents\Visual Studio 2012\Projects\opencv_image\xml\xml\x64\Debug\vc110.pdb
C:\Users\crupib\Documents\Visual Studio 2012\Projects\opencv_image\xml\x64\Debug\xml.pdb
C:\Users\crupib\Documents\Visual Studio 2012\Projects\opencv_image\xml\x64\Debug\xml.exe
C:\Users\crupib\Documents\Visual Studio 2012\Projects\opencv_image\xml\x64\Debug\xml.ilk
