C:\USERS\CRUPIB\DOCUMENTS\VISUAL STUDIO 2012\PROJECTS\SOCKETS_NET\SOCKETS_NET\DEBUG\SOCKETS_NET.PCH
C:\USERS\CRUPIB\DOCUMENTS\VISUAL STUDIO 2012\PROJECTS\SOCKETS_NET\SOCKETS_NET\DEBUG\STDAFX.OBJ
C:\USERS\CRUPIB\DOCUMENTS\VISUAL STUDIO 2012\PROJECTS\SOCKETS_NET\SOCKETS_NET\DEBUG\VC110.PDB
C:\USERS\CRUPIB\DOCUMENTS\VISUAL STUDIO 2012\PROJECTS\SOCKETS_NET\SOCKETS_NET\DEBUG\SOCKETS_NET.OBJ
C:\USERS\CRUPIB\DOCUMENTS\VISUAL STUDIO 2012\PROJECTS\SOCKETS_NET\SOCKETS_NET\DEBUG\.NETFRAMEWORK,VERSION=V4.0.ASSEMBLYATTRIBUTES.OBJ
C:\USERS\CRUPIB\DOCUMENTS\VISUAL STUDIO 2012\PROJECTS\SOCKETS_NET\DEBUG\SOCKETS_NET.ILK
C:\USERS\CRUPIB\DOCUMENTS\VISUAL STUDIO 2012\PROJECTS\SOCKETS_NET\DEBUG\SOCKETS_NET.EXE
C:\USERS\CRUPIB\DOCUMENTS\VISUAL STUDIO 2012\PROJECTS\SOCKETS_NET\DEBUG\SOCKETS_NET.PDB
C:\Users\crupib\documents\visual studio 2012\Projects\sockets_net\sockets_net\Debug\sockets_net.vcxprojResolveAssemblyReference.cache
C:\Users\crupib\documents\visual studio 2012\Projects\sockets_net\sockets_net\Debug\.NETFramework,Version=v4.0.AssemblyAttributes.obj
C:\Users\crupib\documents\visual studio 2012\Projects\sockets_net\sockets_net\Debug\sockets_net.obj
C:\Users\crupib\documents\visual studio 2012\Projects\sockets_net\sockets_net\Debug\stdafx.obj
C:\Users\crupib\documents\visual studio 2012\Projects\sockets_net\sockets_net\Debug\cl.command.1.tlog
C:\Users\crupib\documents\visual studio 2012\Projects\sockets_net\sockets_net\Debug\CL.read.1.tlog
C:\Users\crupib\documents\visual studio 2012\Projects\sockets_net\sockets_net\Debug\CL.write.1.tlog
C:\Users\crupib\documents\visual studio 2012\Projects\sockets_net\sockets_net\Debug\link.54892-cvtres.read.1.tlog
C:\Users\crupib\documents\visual studio 2012\Projects\sockets_net\sockets_net\Debug\link.54892-cvtres.write.1.tlog
C:\Users\crupib\documents\visual studio 2012\Projects\sockets_net\sockets_net\Debug\link.54892-rc.read.1.tlog
C:\Users\crupib\documents\visual studio 2012\Projects\sockets_net\sockets_net\Debug\link.54892-rc.write.1.tlog
C:\Users\crupib\documents\visual studio 2012\Projects\sockets_net\sockets_net\Debug\link.54892.read.1.tlog
C:\Users\crupib\documents\visual studio 2012\Projects\sockets_net\sockets_net\Debug\link.54892.write.1.tlog
C:\Users\crupib\documents\visual studio 2012\Projects\sockets_net\sockets_net\Debug\link.command.1.tlog
C:\Users\crupib\documents\visual studio 2012\Projects\sockets_net\sockets_net\Debug\link.read.1.tlog
C:\Users\crupib\documents\visual studio 2012\Projects\sockets_net\sockets_net\Debug\link.write.1.tlog
C:\Users\crupib\documents\visual studio 2012\Projects\sockets_net\sockets_net\Debug\metagen.read.1.tlog
C:\Users\crupib\documents\visual studio 2012\Projects\sockets_net\sockets_net\Debug\metagen.write.1.tlog
C:\Users\crupib\documents\visual studio 2012\Projects\sockets_net\sockets_net\Debug\sockets_net.pch
C:\Users\crupib\documents\visual studio 2012\Projects\sockets_net\sockets_net\Debug\vc110.pdb
C:\Users\crupib\documents\visual studio 2012\Projects\sockets_net\sockets_net\Debug\RSAENH.DLL.bi
C:\Users\crupib\documents\visual studio 2012\Projects\sockets_net\sockets_net\Debug\TZRES.DLL.bi
C:\Users\crupib\documents\visual studio 2012\Projects\sockets_net\Debug\sockets_net.pdb
C:\Users\crupib\documents\visual studio 2012\Projects\sockets_net\Debug\sockets_net.exe
C:\Users\crupib\documents\visual studio 2012\Projects\sockets_net\Debug\sockets_net.ilk
