C:\USERS\CRUPIB\DOCUMENTS\VISUAL STUDIO 2012\PROJECTS\OPENCV_IMAGE\MAT_EX\MAT_EX\DEBUG\MAT_EX.PCH
C:\USERS\CRUPIB\DOCUMENTS\VISUAL STUDIO 2012\PROJECTS\OPENCV_IMAGE\MAT_EX\MAT_EX\DEBUG\STDAFX.OBJ
C:\USERS\CRUPIB\DOCUMENTS\VISUAL STUDIO 2012\PROJECTS\OPENCV_IMAGE\MAT_EX\MAT_EX\DEBUG\VC110.PDB
C:\USERS\CRUPIB\DOCUMENTS\VISUAL STUDIO 2012\PROJECTS\OPENCV_IMAGE\MAT_EX\MAT_EX\DEBUG\MAT_EX.OBJ
C:\USERS\CRUPIB\DOCUMENTS\VISUAL STUDIO 2012\PROJECTS\OPENCV_IMAGE\MAT_EX\DEBUG\MAT_EX.ILK
C:\USERS\CRUPIB\DOCUMENTS\VISUAL STUDIO 2012\PROJECTS\OPENCV_IMAGE\MAT_EX\DEBUG\MAT_EX.EXE
C:\USERS\CRUPIB\DOCUMENTS\VISUAL STUDIO 2012\PROJECTS\OPENCV_IMAGE\MAT_EX\DEBUG\MAT_EX.PDB
C:\Users\crupib\Documents\Visual Studio 2012\Projects\opencv_image\mat_ex\mat_ex\Debug\mat_ex.obj
C:\Users\crupib\Documents\Visual Studio 2012\Projects\opencv_image\mat_ex\mat_ex\Debug\stdafx.obj
C:\Users\crupib\Documents\Visual Studio 2012\Projects\opencv_image\mat_ex\mat_ex\Debug\cl.command.1.tlog
C:\Users\crupib\Documents\Visual Studio 2012\Projects\opencv_image\mat_ex\mat_ex\Debug\CL.read.1.tlog
C:\Users\crupib\Documents\Visual Studio 2012\Projects\opencv_image\mat_ex\mat_ex\Debug\CL.write.1.tlog
C:\Users\crupib\Documents\Visual Studio 2012\Projects\opencv_image\mat_ex\mat_ex\Debug\link-cvtres.read.1.tlog
C:\Users\crupib\Documents\Visual Studio 2012\Projects\opencv_image\mat_ex\mat_ex\Debug\link-cvtres.write.1.tlog
C:\Users\crupib\Documents\Visual Studio 2012\Projects\opencv_image\mat_ex\mat_ex\Debug\link-rc.read.1.tlog
C:\Users\crupib\Documents\Visual Studio 2012\Projects\opencv_image\mat_ex\mat_ex\Debug\link-rc.write.1.tlog
C:\Users\crupib\Documents\Visual Studio 2012\Projects\opencv_image\mat_ex\mat_ex\Debug\link.command.1.tlog
C:\Users\crupib\Documents\Visual Studio 2012\Projects\opencv_image\mat_ex\mat_ex\Debug\link.read.1.tlog
C:\Users\crupib\Documents\Visual Studio 2012\Projects\opencv_image\mat_ex\mat_ex\Debug\link.write.1.tlog
C:\Users\crupib\Documents\Visual Studio 2012\Projects\opencv_image\mat_ex\mat_ex\Debug\mat_ex.pch
C:\Users\crupib\Documents\Visual Studio 2012\Projects\opencv_image\mat_ex\mat_ex\Debug\vc110.idb
C:\Users\crupib\Documents\Visual Studio 2012\Projects\opencv_image\mat_ex\mat_ex\Debug\vc110.pdb
C:\Users\crupib\Documents\Visual Studio 2012\Projects\opencv_image\mat_ex\Debug\mat_ex.pdb
C:\Users\crupib\Documents\Visual Studio 2012\Projects\opencv_image\mat_ex\Debug\mat_ex.exe
C:\Users\crupib\Documents\Visual Studio 2012\Projects\opencv_image\mat_ex\Debug\mat_ex.ilk
