C:\USERS\CRUPIB\DOCUMENTS\VISUAL STUDIO 2012\PROJECTS\OPENCV_IMAGE\SMOOTH\SMOOTH\DEBUG\SMOOTH.PCH
C:\USERS\CRUPIB\DOCUMENTS\VISUAL STUDIO 2012\PROJECTS\OPENCV_IMAGE\SMOOTH\SMOOTH\DEBUG\STDAFX.OBJ
C:\USERS\CRUPIB\DOCUMENTS\VISUAL STUDIO 2012\PROJECTS\OPENCV_IMAGE\SMOOTH\SMOOTH\DEBUG\VC110.PDB
C:\USERS\CRUPIB\DOCUMENTS\VISUAL STUDIO 2012\PROJECTS\OPENCV_IMAGE\SMOOTH\SMOOTH\DEBUG\SMOOTH.OBJ
C:\USERS\CRUPIB\DOCUMENTS\VISUAL STUDIO 2012\PROJECTS\OPENCV_IMAGE\SMOOTH\SMOOTH\DEBUG\ASSEMBLYINFO.OBJ
C:\USERS\CRUPIB\DOCUMENTS\VISUAL STUDIO 2012\PROJECTS\OPENCV_IMAGE\SMOOTH\SMOOTH\DEBUG\.NETFRAMEWORK,VERSION=V4.5.ASSEMBLYATTRIBUTES.OBJ
C:\USERS\CRUPIB\DOCUMENTS\VISUAL STUDIO 2012\PROJECTS\OPENCV_IMAGE\SMOOTH\SMOOTH\DEBUG\APP.RES
C:\Users\crupib\Documents\Visual Studio 2012\Projects\opencv_image\Smooth\Smooth\Debug\.NETFramework,Version=v4.5.AssemblyAttributes.obj
C:\Users\crupib\Documents\Visual Studio 2012\Projects\opencv_image\Smooth\Smooth\Debug\AssemblyInfo.obj
C:\Users\crupib\Documents\Visual Studio 2012\Projects\opencv_image\Smooth\Smooth\Debug\Smooth.obj
C:\Users\crupib\Documents\Visual Studio 2012\Projects\opencv_image\Smooth\Smooth\Debug\stdafx.obj
C:\Users\crupib\Documents\Visual Studio 2012\Projects\opencv_image\Smooth\Smooth\Debug\cl.command.1.tlog
C:\Users\crupib\Documents\Visual Studio 2012\Projects\opencv_image\Smooth\Smooth\Debug\CL.read.1.tlog
C:\Users\crupib\Documents\Visual Studio 2012\Projects\opencv_image\Smooth\Smooth\Debug\CL.write.1.tlog
C:\Users\crupib\Documents\Visual Studio 2012\Projects\opencv_image\Smooth\Smooth\Debug\link.5916-cvtres.read.1.tlog
C:\Users\crupib\Documents\Visual Studio 2012\Projects\opencv_image\Smooth\Smooth\Debug\link.5916-cvtres.write.1.tlog
C:\Users\crupib\Documents\Visual Studio 2012\Projects\opencv_image\Smooth\Smooth\Debug\link.5916-rc.read.1.tlog
C:\Users\crupib\Documents\Visual Studio 2012\Projects\opencv_image\Smooth\Smooth\Debug\link.5916-rc.write.1.tlog
C:\Users\crupib\Documents\Visual Studio 2012\Projects\opencv_image\Smooth\Smooth\Debug\link.5916.read.1.tlog
C:\Users\crupib\Documents\Visual Studio 2012\Projects\opencv_image\Smooth\Smooth\Debug\link.5916.write.1.tlog
C:\Users\crupib\Documents\Visual Studio 2012\Projects\opencv_image\Smooth\Smooth\Debug\link.command.1.tlog
C:\Users\crupib\Documents\Visual Studio 2012\Projects\opencv_image\Smooth\Smooth\Debug\link.read.1.tlog
C:\Users\crupib\Documents\Visual Studio 2012\Projects\opencv_image\Smooth\Smooth\Debug\link.write.1.tlog
C:\Users\crupib\Documents\Visual Studio 2012\Projects\opencv_image\Smooth\Smooth\Debug\metagen.read.1.tlog
C:\Users\crupib\Documents\Visual Studio 2012\Projects\opencv_image\Smooth\Smooth\Debug\metagen.write.1.tlog
C:\Users\crupib\Documents\Visual Studio 2012\Projects\opencv_image\Smooth\Smooth\Debug\rc.command.1.tlog
C:\Users\crupib\Documents\Visual Studio 2012\Projects\opencv_image\Smooth\Smooth\Debug\rc.read.1.tlog
C:\Users\crupib\Documents\Visual Studio 2012\Projects\opencv_image\Smooth\Smooth\Debug\rc.write.1.tlog
C:\Users\crupib\Documents\Visual Studio 2012\Projects\opencv_image\Smooth\Smooth\Debug\app.res
C:\Users\crupib\Documents\Visual Studio 2012\Projects\opencv_image\Smooth\Smooth\Debug\Smooth.pch
C:\Users\crupib\Documents\Visual Studio 2012\Projects\opencv_image\Smooth\Smooth\Debug\vc110.pdb
C:\Users\crupib\Documents\Visual Studio 2012\Projects\opencv_image\Smooth\Smooth\Debug\RSAENH.DLL.bi
C:\Users\crupib\Documents\Visual Studio 2012\Projects\opencv_image\Smooth\Smooth\Debug\TZRES.DLL.bi
C:\Users\crupib\Documents\Visual Studio 2012\Projects\opencv_image\Smooth\Debug\Smooth.pdb
C:\Users\crupib\Documents\Visual Studio 2012\Projects\opencv_image\Smooth\Debug\Smooth.ilk
