Build started 11/22/2013 9:55:13 AM.
     1>Project "C:\Users\crupib\Documents\Visual Studio 2012\Projects\opencv_image\lips\lips\lips.vcxproj" on node 2 (Build target(s)).
     1>InitializeBuildStatus:
         Creating "Debug\lips.unsuccessfulbuild" because "AlwaysCreate" was specified.
       ClCompile:
         All outputs are up-to-date.
         C:\Program Files (x86)\Microsoft Visual Studio 11.0\VC\bin\CL.exe /c /IC:\opencv\build\include /ZI /nologo /W3 /WX- /Od /Oy- /D WIN32 /D _DEBUG /D _CONSOLE /D _UNICODE /D UNICODE /Gm /EHsc /RTC1 /MDd /GS /fp:precise /Zc:wchar_t /Zc:forScope /Yu"stdafx.h" /Fp"Debug\lips.pch" /Fo"Debug\\" /Fd"Debug\vc110.pdb" /Gd /TP /analyze- /errorReport:prompt LipFeatureDetect.cpp
         LipFeatureDetect.cpp
     1>c:\users\crupib\documents\visual studio 2012\projects\opencv_image\lips\lips\lipfeaturedetect.cpp(100): warning C4102: '_cleanup_' : unreferenced label
       Link:
         C:\Program Files (x86)\Microsoft Visual Studio 11.0\VC\bin\link.exe /ERRORREPORT:PROMPT /OUT:"C:\Users\crupib\Documents\Visual Studio 2012\Projects\opencv_image\lips\Debug\lips.exe" /INCREMENTAL /NOLOGO /LIBPATH:C:\opencv\build\x86\vc11\lib opencv_core246d.lib opencv_imgproc246d.lib opencv_highgui246d.lib opencv_ml246d.lib opencv_video246d.lib opencv_features2d246d.lib opencv_calib3d246d.lib opencv_objdetect246d.lib opencv_contrib246d.lib opencv_legacy246d.lib opencv_flann246d.lib kernel32.lib user32.lib gdi32.lib winspool.lib comdlg32.lib advapi32.lib shell32.lib ole32.lib oleaut32.lib uuid.lib odbc32.lib odbccp32.lib /MANIFEST /MANIFESTUAC:"level='asInvoker' uiAccess='false'" /manifest:embed /DEBUG /PDB:"C:\Users\crupib\Documents\Visual Studio 2012\Projects\opencv_image\lips\Debug\lips.pdb" /SUBSYSTEM:CONSOLE /TLBID:1 /DYNAMICBASE /NXCOMPAT /IMPLIB:"C:\Users\crupib\Documents\Visual Studio 2012\Projects\opencv_image\lips\Debug\lips.lib" /MACHINE:X86 Debug\HaarCascadeObjectDetector.obj
         Debug\LipFeatureDetect.obj
         Debug\stdafx.obj
         lips.vcxproj -> C:\Users\crupib\Documents\Visual Studio 2012\Projects\opencv_image\lips\Debug\lips.exe
       FinalizeBuildStatus:
         Deleting file "Debug\lips.unsuccessfulbuild".
         Touching "Debug\lips.lastbuildstate".
     1>Done Building Project "C:\Users\crupib\Documents\Visual Studio 2012\Projects\opencv_image\lips\lips\lips.vcxproj" (Build target(s)).

Build succeeded.

Time Elapsed 00:00:04.64
