C:\USERS\CRUPIB\DOCUMENTS\VISUAL STUDIO 2012\PROJECTS\OPENCV_IMAGE\LIPS\LIPS\DEBUG\LIPS.PCH
C:\USERS\CRUPIB\DOCUMENTS\VISUAL STUDIO 2012\PROJECTS\OPENCV_IMAGE\LIPS\LIPS\DEBUG\STDAFX.OBJ
C:\USERS\CRUPIB\DOCUMENTS\VISUAL STUDIO 2012\PROJECTS\OPENCV_IMAGE\LIPS\LIPS\DEBUG\VC110.PDB
C:\USERS\CRUPIB\DOCUMENTS\VISUAL STUDIO 2012\PROJECTS\OPENCV_IMAGE\LIPS\LIPS\DEBUG\HAARCASCADEOBJECTDETECTOR.OBJ
C:\USERS\CRUPIB\DOCUMENTS\VISUAL STUDIO 2012\PROJECTS\OPENCV_IMAGE\LIPS\LIPS\DEBUG\LIPFEATUREDETECT.OBJ
C:\USERS\CRUPIB\DOCUMENTS\VISUAL STUDIO 2012\PROJECTS\OPENCV_IMAGE\LIPS\DEBUG\LIPS.ILK
C:\USERS\CRUPIB\DOCUMENTS\VISUAL STUDIO 2012\PROJECTS\OPENCV_IMAGE\LIPS\DEBUG\LIPS.EXE
C:\USERS\CRUPIB\DOCUMENTS\VISUAL STUDIO 2012\PROJECTS\OPENCV_IMAGE\LIPS\DEBUG\LIPS.PDB
C:\Users\crupib\Documents\Visual Studio 2012\Projects\opencv_image\lips\lips\Debug\HaarCascadeObjectDetector.obj
C:\Users\crupib\Documents\Visual Studio 2012\Projects\opencv_image\lips\lips\Debug\LipFeatureDetect.obj
C:\Users\crupib\Documents\Visual Studio 2012\Projects\opencv_image\lips\lips\Debug\stdafx.obj
C:\Users\crupib\Documents\Visual Studio 2012\Projects\opencv_image\lips\lips\Debug\cl.command.1.tlog
C:\Users\crupib\Documents\Visual Studio 2012\Projects\opencv_image\lips\lips\Debug\CL.read.1.tlog
C:\Users\crupib\Documents\Visual Studio 2012\Projects\opencv_image\lips\lips\Debug\CL.write.1.tlog
C:\Users\crupib\Documents\Visual Studio 2012\Projects\opencv_image\lips\lips\Debug\link-cvtres.read.1.tlog
C:\Users\crupib\Documents\Visual Studio 2012\Projects\opencv_image\lips\lips\Debug\link-cvtres.write.1.tlog
C:\Users\crupib\Documents\Visual Studio 2012\Projects\opencv_image\lips\lips\Debug\link-rc.read.1.tlog
C:\Users\crupib\Documents\Visual Studio 2012\Projects\opencv_image\lips\lips\Debug\link-rc.write.1.tlog
C:\Users\crupib\Documents\Visual Studio 2012\Projects\opencv_image\lips\lips\Debug\link.command.1.tlog
C:\Users\crupib\Documents\Visual Studio 2012\Projects\opencv_image\lips\lips\Debug\link.read.1.tlog
C:\Users\crupib\Documents\Visual Studio 2012\Projects\opencv_image\lips\lips\Debug\link.write.1.tlog
C:\Users\crupib\Documents\Visual Studio 2012\Projects\opencv_image\lips\lips\Debug\lips.pch
C:\Users\crupib\Documents\Visual Studio 2012\Projects\opencv_image\lips\lips\Debug\vc110.idb
C:\Users\crupib\Documents\Visual Studio 2012\Projects\opencv_image\lips\lips\Debug\vc110.pdb
C:\Users\crupib\Documents\Visual Studio 2012\Projects\opencv_image\lips\Debug\lips.pdb
C:\Users\crupib\Documents\Visual Studio 2012\Projects\opencv_image\lips\Debug\lips.exe
C:\Users\crupib\Documents\Visual Studio 2012\Projects\opencv_image\lips\Debug\lips.ilk
