C:\USERS\CRUPIB\DOCUMENTS\VISUAL STUDIO 2012\PROJECTS\OPENCV_IMAGE\OPENCV_IMAGE\DEBUG\OPENCV_IMAGE.PCH
C:\USERS\CRUPIB\DOCUMENTS\VISUAL STUDIO 2012\PROJECTS\OPENCV_IMAGE\OPENCV_IMAGE\DEBUG\STDAFX.OBJ
C:\USERS\CRUPIB\DOCUMENTS\VISUAL STUDIO 2012\PROJECTS\OPENCV_IMAGE\OPENCV_IMAGE\DEBUG\VC110.PDB
C:\USERS\CRUPIB\DOCUMENTS\VISUAL STUDIO 2012\PROJECTS\OPENCV_IMAGE\OPENCV_IMAGE\DEBUG\OPENCV_IMAGE.OBJ
C:\Users\crupib\documents\visual studio 2012\Projects\opencv_image\opencv_image\Debug\opencv_image.obj
C:\Users\crupib\documents\visual studio 2012\Projects\opencv_image\opencv_image\Debug\stdafx.obj
C:\Users\crupib\documents\visual studio 2012\Projects\opencv_image\opencv_image\Debug\cl.command.1.tlog
C:\Users\crupib\documents\visual studio 2012\Projects\opencv_image\opencv_image\Debug\CL.read.1.tlog
C:\Users\crupib\documents\visual studio 2012\Projects\opencv_image\opencv_image\Debug\CL.write.1.tlog
C:\Users\crupib\documents\visual studio 2012\Projects\opencv_image\opencv_image\Debug\link-cvtres.read.1.tlog
C:\Users\crupib\documents\visual studio 2012\Projects\opencv_image\opencv_image\Debug\link-cvtres.write.1.tlog
C:\Users\crupib\documents\visual studio 2012\Projects\opencv_image\opencv_image\Debug\link-rc.read.1.tlog
C:\Users\crupib\documents\visual studio 2012\Projects\opencv_image\opencv_image\Debug\link-rc.write.1.tlog
C:\Users\crupib\documents\visual studio 2012\Projects\opencv_image\opencv_image\Debug\link.command.1.tlog
C:\Users\crupib\documents\visual studio 2012\Projects\opencv_image\opencv_image\Debug\link.read.1.tlog
C:\Users\crupib\documents\visual studio 2012\Projects\opencv_image\opencv_image\Debug\link.write.1.tlog
C:\Users\crupib\documents\visual studio 2012\Projects\opencv_image\opencv_image\Debug\opencv_image.pch
C:\Users\crupib\documents\visual studio 2012\Projects\opencv_image\opencv_image\Debug\vc110.idb
C:\Users\crupib\documents\visual studio 2012\Projects\opencv_image\opencv_image\Debug\vc110.pdb
C:\Users\crupib\documents\visual studio 2012\Projects\opencv_image\Debug\opencv_image.pdb
