C:\USERS\CRUPIB\DOCUMENTS\VISUAL STUDIO 2012\PROJECTS\OPENCV_IMAGE\EROSION\EROSION\DEBUG\EROSION.PCH
C:\USERS\CRUPIB\DOCUMENTS\VISUAL STUDIO 2012\PROJECTS\OPENCV_IMAGE\EROSION\EROSION\DEBUG\STDAFX.OBJ
C:\USERS\CRUPIB\DOCUMENTS\VISUAL STUDIO 2012\PROJECTS\OPENCV_IMAGE\EROSION\EROSION\DEBUG\VC110.PDB
C:\USERS\CRUPIB\DOCUMENTS\VISUAL STUDIO 2012\PROJECTS\OPENCV_IMAGE\EROSION\EROSION\DEBUG\EROSION.OBJ
C:\USERS\CRUPIB\DOCUMENTS\VISUAL STUDIO 2012\PROJECTS\OPENCV_IMAGE\EROSION\DEBUG\EROSION.ILK
C:\USERS\CRUPIB\DOCUMENTS\VISUAL STUDIO 2012\PROJECTS\OPENCV_IMAGE\EROSION\DEBUG\EROSION.EXE
C:\USERS\CRUPIB\DOCUMENTS\VISUAL STUDIO 2012\PROJECTS\OPENCV_IMAGE\EROSION\DEBUG\EROSION.PDB
C:\USERS\CRUPIB\DOCUMENTS\VISUAL STUDIO 2012\PROJECTS\OPENCV_IMAGE\EROSION\EROSION\DEBUG\EROSION.RES
C:\Users\crupib\Documents\Visual Studio 2012\Projects\opencv_image\erosion\erosion\Debug\erosion.obj
C:\Users\crupib\Documents\Visual Studio 2012\Projects\opencv_image\erosion\erosion\Debug\stdafx.obj
C:\Users\crupib\Documents\Visual Studio 2012\Projects\opencv_image\erosion\erosion\Debug\cl.command.1.tlog
C:\Users\crupib\Documents\Visual Studio 2012\Projects\opencv_image\erosion\erosion\Debug\CL.read.1.tlog
C:\Users\crupib\Documents\Visual Studio 2012\Projects\opencv_image\erosion\erosion\Debug\CL.write.1.tlog
C:\Users\crupib\Documents\Visual Studio 2012\Projects\opencv_image\erosion\erosion\Debug\link-cvtres.read.1.tlog
C:\Users\crupib\Documents\Visual Studio 2012\Projects\opencv_image\erosion\erosion\Debug\link-cvtres.write.1.tlog
C:\Users\crupib\Documents\Visual Studio 2012\Projects\opencv_image\erosion\erosion\Debug\link-rc.read.1.tlog
C:\Users\crupib\Documents\Visual Studio 2012\Projects\opencv_image\erosion\erosion\Debug\link-rc.write.1.tlog
C:\Users\crupib\Documents\Visual Studio 2012\Projects\opencv_image\erosion\erosion\Debug\link.command.1.tlog
C:\Users\crupib\Documents\Visual Studio 2012\Projects\opencv_image\erosion\erosion\Debug\link.read.1.tlog
C:\Users\crupib\Documents\Visual Studio 2012\Projects\opencv_image\erosion\erosion\Debug\link.write.1.tlog
C:\Users\crupib\Documents\Visual Studio 2012\Projects\opencv_image\erosion\erosion\Debug\rc.command.1.tlog
C:\Users\crupib\Documents\Visual Studio 2012\Projects\opencv_image\erosion\erosion\Debug\rc.read.1.tlog
C:\Users\crupib\Documents\Visual Studio 2012\Projects\opencv_image\erosion\erosion\Debug\rc.write.1.tlog
C:\Users\crupib\Documents\Visual Studio 2012\Projects\opencv_image\erosion\erosion\Debug\erosion.res
C:\Users\crupib\Documents\Visual Studio 2012\Projects\opencv_image\erosion\erosion\Debug\erosion.pch
C:\Users\crupib\Documents\Visual Studio 2012\Projects\opencv_image\erosion\erosion\Debug\vc110.idb
C:\Users\crupib\Documents\Visual Studio 2012\Projects\opencv_image\erosion\erosion\Debug\vc110.pdb
C:\Users\crupib\Documents\Visual Studio 2012\Projects\opencv_image\erosion\Debug\erosion.pdb
C:\Users\crupib\Documents\Visual Studio 2012\Projects\opencv_image\erosion\Debug\erosion.exe
C:\Users\crupib\Documents\Visual Studio 2012\Projects\opencv_image\erosion\Debug\erosion.ilk
