Build started 11/13/2013 2:43:12 PM.
     1>Project "C:\Users\crupib\Documents\Visual Studio 2012\Projects\opencv_image\opencv_mfc\opencv_mfc\opencv_mfc.vcxproj" on node 2 (Build target(s)).
     1>InitializeBuildStatus:
         Creating "Debug\opencv_mfc.unsuccessfulbuild" because "AlwaysCreate" was specified.
       ClCompile:
         All outputs are up-to-date.
         C:\Program Files (x86)\Microsoft Visual Studio 11.0\VC\bin\CL.exe /c /IC:\opencv\build\include /ZI /nologo /W3 /WX- /Od /Oy- /D WIN32 /D _WINDOWS /D _DEBUG /D _MBCS /Gm /EHsc /RTC1 /MTd /GS /fp:precise /Zc:wchar_t /Zc:forScope /Yu"stdafx.h" /Fp"Debug\opencv_mfc.pch" /Fo"Debug\\" /Fd"Debug\vc110.pdb" /Gd /TP /analyze- /errorReport:prompt opencv_mfcDlg.cpp
         opencv_mfcDlg.cpp
       ResourceCompile:
         All outputs are up-to-date.
       Link:
         C:\Program Files (x86)\Microsoft Visual Studio 11.0\VC\bin\link.exe /ERRORREPORT:PROMPT /OUT:"C:\Users\crupib\Documents\Visual Studio 2012\Projects\opencv_image\opencv_mfc\Debug\opencv_mfc.exe" /INCREMENTAL /NOLOGO /LIBPATH:C:\opencv\build\x86\vc11\lib opencv_core246d.lib opencv_imgproc246d.lib opencv_highgui246d.lib opencv_ml246d.lib opencv_video246d.lib opencv_features2d246d.lib opencv_calib3d246d.lib opencv_objdetect246d.lib opencv_contrib246d.lib opencv_legacy246d.lib opencv_flann246d.lib /MANIFEST /MANIFESTUAC:"level='asInvoker' uiAccess='false'" /manifest:embed /manifestinput:"C:\Program Files (x86)\Microsoft Visual Studio 11.0\VC\Include\Manifest\dpiaware.manifest" /DEBUG /PDB:"C:\Users\crupib\Documents\Visual Studio 2012\Projects\opencv_image\opencv_mfc\Debug\opencv_mfc.pdb" /SUBSYSTEM:WINDOWS /TLBID:1 /DYNAMICBASE /NXCOMPAT /IMPLIB:"C:\Users\crupib\Documents\Visual Studio 2012\Projects\opencv_image\opencv_mfc\Debug\opencv_mfc.lib" /MACHINE:X86 Debug\opencv_mfc.res
         Debug\opencv_mfc.obj
         Debug\opencv_mfcDlg.obj
         Debug\stdafx.obj
         opencv_mfc.vcxproj -> C:\Users\crupib\Documents\Visual Studio 2012\Projects\opencv_image\opencv_mfc\Debug\opencv_mfc.exe
       FinalizeBuildStatus:
         Deleting file "Debug\opencv_mfc.unsuccessfulbuild".
         Touching "Debug\opencv_mfc.lastbuildstate".
     1>Done Building Project "C:\Users\crupib\Documents\Visual Studio 2012\Projects\opencv_image\opencv_mfc\opencv_mfc\opencv_mfc.vcxproj" (Build target(s)).

Build succeeded.

Time Elapsed 00:00:04.14
